<?xml version="1.0" encoding="UTF-8"?>
<testsuite name="com.charter.retailer.controller.RewardsControllerTest" tests="1" skipped="0" failures="0" errors="0" timestamp="2026-01-12T20:05:13" hostname="Haripriyas-Air.lan" time="0.686">
  <properties/>
  <testcase name="getRewards_ShouldReturnRewardResponse" classname="com.charter.retailer.controller.RewardsControllerTest" time="0.686"/>
  <system-out><![CDATA[15:05:04.678 [Test worker] INFO org.springframework.test.context.support.AnnotationConfigContextLoaderUtils -- Could not detect default configuration classes for test class [com.charter.retailer.controller.RewardsControllerTest]: RewardsControllerTest does not declare any static, non-private, non-final, nested classes annotated with @Configuration.
15:05:05.308 [Test worker] INFO org.springframework.boot.test.context.SpringBootTestContextBootstrapper -- Found @SpringBootConfiguration com.charter.retailer.CharterworkApplication for test class com.charter.retailer.controller.RewardsControllerTest

  .   ____          _            __ _ _
 /\\ / ___'_ __ _ _(_)_ __  __ _ \ \ \ \
( ( )\___ | '_ | '_| | '_ \/ _` | \ \ \ \
 \\/  ___)| |_)| | | | | || (_| |  ) ) ) )
  '  |____| .__|_| |_|_| |_\__, | / / / /
 =========|_|==============|___/=/_/_/_/
 :: Spring Boot ::               (v3.2.12)

2026-01-12T15:05:06.357-05:00  INFO 68072 --- [    Test worker] c.c.r.controller.RewardsControllerTest   : Starting RewardsControllerTest using Java 23.0.2 with PID 68072 (started by hp in /Users/hp/devtools/JavaWorkspace/charterwork)
2026-01-12T15:05:06.369-05:00  INFO 68072 --- [    Test worker] c.c.r.controller.RewardsControllerTest   : No active profile set, falling back to 1 default profile: "default"
2026-01-12T15:05:13.097-05:00  INFO 68072 --- [    Test worker] o.s.b.t.m.w.SpringBootMockServletContext : Initializing Spring TestDispatcherServlet ''
2026-01-12T15:05:13.104-05:00  INFO 68072 --- [    Test worker] o.s.t.web.servlet.TestDispatcherServlet  : Initializing Servlet ''
2026-01-12T15:05:13.124-05:00  INFO 68072 --- [    Test worker] o.s.t.web.servlet.TestDispatcherServlet  : Completed initialization in 11 ms
2026-01-12T15:05:13.222-05:00  INFO 68072 --- [    Test worker] c.c.r.controller.RewardsControllerTest   : Started RewardsControllerTest in 7.769 seconds (process running for 11.541)
]]></system-out>
  <system-err><![CDATA[Mockito is currently self-attaching to enable the inline-mock-maker. This will no longer work in future releases of the JDK. Please add Mockito as an agent to your build as described in Mockito's documentation: https://javadoc.io/doc/org.mockito/mockito-core/latest/org.mockito/org/mockito/Mockito.html#0.3
WARNING: A Java agent has been loaded dynamically (/Users/hp/devtools/gradle-8.11.1/bin/caches/modules-2/files-2.1/net.bytebuddy/byte-buddy-agent/1.14.19/154da3a65b4f4a909d3e5bdec55d1b2b4cbb6ce1/byte-buddy-agent-1.14.19.jar)
WARNING: If a serviceability tool is in use, please run with -XX:+EnableDynamicAgentLoading to hide this warning
WARNING: If a serviceability tool is not in use, please run with -Djdk.instrument.traceUsage for more information
WARNING: Dynamic loading of agents will be disallowed by default in a future release
]]></system-err>
</testsuite>
